** ComfyUI start up time: 2023-10-29 23:47:41.285209

Prestartup times for custom nodes:
   0.1 seconds: D:\Documents\projects\super-puper-ai\ComfyUI\custom_nodes\ComfyUI-Manager

Using directml with device: 
Total VRAM 1024 MB, total RAM 32699 MB
Set vram state to: NORMAL_VRAM
Device: privateuseone
VAE dtype: torch.float32
Using sub quadratic optimization for cross attention, if you have memory or speed issues try using: --use-split-cross-attention
========= custom_node_path D:\Documents\projects\super-puper-ai\ComfyUI\custom_nodes =========
========= possible_module base64_images.py =========
========= possible_module comfyui-animatediff =========
Traceback (most recent call last):
  File "D:\Documents\projects\super-puper-ai\ComfyUI\nodes.py", line 1735, in load_custom_node
    module_spec.loader.exec_module(module)
  File "<frozen importlib._bootstrap_external>", line 850, in exec_module
  File "<frozen importlib._bootstrap>", line 228, in _call_with_frames_removed
  File "D:\Documents\projects\super-puper-ai\ComfyUI\custom_nodes\comfyui-animatediff\__init__.py", line 2, in <module>
    from .animatediff.nodes import NODE_CLASS_MAPPINGS, NODE_DISPLAY_NAME_MAPPINGS
  File "D:\Documents\projects\super-puper-ai\ComfyUI\custom_nodes\comfyui-animatediff\animatediff\nodes.py", line 16, in <module>
    from .sampler import AnimateDiffSampler, AnimateDiffSlidingWindowOptions
  File "D:\Documents\projects\super-puper-ai\ComfyUI\custom_nodes\comfyui-animatediff\animatediff\sampler.py", line 14, in <module>
    from .sliding_schedule import ContextSchedules
  File "D:\Documents\projects\super-puper-ai\ComfyUI\custom_nodes\comfyui-animatediff\animatediff\sliding_schedule.py", line 147
    match name:
          ^
SyntaxError: invalid syntax

Cannot import D:\Documents\projects\super-puper-ai\ComfyUI\custom_nodes\comfyui-animatediff module for custom nodes: invalid syntax (sliding_schedule.py, line 147)
========= possible_module ComfyUI-AnimateDiff-Evolved =========
Using sub quadratic optimization for cross attention, if you have memory or speed issues try using: --use-split-cross-attention
[AnimateDiffEvo] - [0;31mERROR[0m - No motion models found. Please download one and place in: ['D:\\Documents\\projects\\super-puper-ai\\ComfyUI\\custom_nodes\\ComfyUI-AnimateDiff-Evolved\\models']
========= possible_module ComfyUI-Manager =========
### Loading: ComfyUI-Manager (V0.36)
### ComfyUI Revision: 1607 on 'old' [53eeaad7] | Released on '2023-10-24'
========= possible_module ComfyUI-VideoHelperSuite =========
[VideoHelperSuite] - [0;32mINFO[0m - ffmpeg could not be found. Using ffmpeg from imageio-ffmpeg.
========= possible_module example_node.py.example =========

Import times for custom nodes:
   0.0 seconds: D:\Documents\projects\super-puper-ai\ComfyUI\custom_nodes\base64_images.py
   0.1 seconds: D:\Documents\projects\super-puper-ai\ComfyUI\custom_nodes\ComfyUI-AnimateDiff-Evolved
   0.2 seconds (IMPORT FAILED): D:\Documents\projects\super-puper-ai\ComfyUI\custom_nodes\comfyui-animatediff
   0.9 seconds: D:\Documents\projects\super-puper-ai\ComfyUI\custom_nodes\ComfyUI-Manager
   2.1 seconds: D:\Documents\projects\super-puper-ai\ComfyUI\custom_nodes\ComfyUI-VideoHelperSuite

Starting server

To see the GUI go to: http://127.0.0.1:8188
FETCH DATA from: D:\Documents\projects\super-puper-ai\ComfyUI\custom_nodes\ComfyUI-Manager\extension-node-map.json
[AnimateDiffEvo] - [0;33mWARNING[0m - ffmpeg could not be found. Outputs that require it have been disabled
FETCH DATA from: D:\Documents\projects\super-puper-ai\ComfyUI\custom_nodes\ComfyUI-Manager\extension-node-map.json
[AnimateDiffEvo] - [0;33mWARNING[0m - ffmpeg could not be found. Outputs that require it have been disabled
FETCH DATA from: D:\Documents\projects\super-puper-ai\ComfyUI\custom_nodes\ComfyUI-Manager\extension-node-map.json
[AnimateDiffEvo] - [0;33mWARNING[0m - ffmpeg could not be found. Outputs that require it have been disabled
FETCH DATA from: D:\Documents\projects\super-puper-ai\ComfyUI\custom_nodes\ComfyUI-Manager\extension-node-map.json
[AnimateDiffEvo] - [0;33mWARNING[0m - ffmpeg could not be found. Outputs that require it have been disabled
FETCH DATA from: D:\Documents\projects\super-puper-ai\ComfyUI\custom_nodes\ComfyUI-Manager\extension-node-map.json
[AnimateDiffEvo] - [0;33mWARNING[0m - ffmpeg could not be found. Outputs that require it have been disabled
got prompt
ERROR:root:Failed to validate prompt for output 9:
ERROR:root:* CheckpointLoaderSimple 4:
ERROR:root:  - Value not in list: ckpt_name: 'v1-5-pruned-emaonly.ckpt' not in []
ERROR:root:Output will be ignored
invalid prompt: {'type': 'prompt_outputs_failed_validation', 'message': 'Prompt outputs failed validation', 'details': '', 'extra_info': {}}
FETCH DATA from: D:\Documents\projects\super-puper-ai\ComfyUI\custom_nodes\ComfyUI-Manager\extension-node-map.json
[AnimateDiffEvo] - [0;33mWARNING[0m - ffmpeg could not be found. Outputs that require it have been disabled
FETCH DATA from: D:\Documents\projects\super-puper-ai\ComfyUI\custom_nodes\ComfyUI-Manager\extension-node-map.json
[AnimateDiffEvo] - [0;33mWARNING[0m - ffmpeg could not be found. Outputs that require it have been disabled
FETCH DATA from: D:\Documents\projects\super-puper-ai\ComfyUI\custom_nodes\ComfyUI-Manager\extension-node-map.json
[AnimateDiffEvo] - [0;33mWARNING[0m - ffmpeg could not be found. Outputs that require it have been disabled
got prompt
model_type EPS
adm 0
Using split attention in VAE
Working with z of shape (1, 4, 32, 32) = 4096 dimensions.
Using split attention in VAE
missing {'cond_stage_model.logit_scale', 'cond_stage_model.text_projection'}
left over keys: dict_keys(['cond_stage_model.transformer.text_model.embeddings.position_ids', 'model_ema.decay', 'model_ema.num_updates'])
Requested to load SD1ClipModel
Loading 1 new model
Requested to load BaseModel
Loading 1 new model
D:\Documents\projects\super-puper-ai\ComfyUI\comfy\k_diffusion\external.py:63: UserWarning: The operator 'aten::linspace.out' is not currently supported on the DML backend and will fall back to run on the CPU. This may have performance implications. (Triggered internally at D:\a\_work\1\s\pytorch-directml-plugin\torch_directml\csrc\dml\dml_cpu_fallback.cpp:17.)
  t = torch.linspace(t_max, 0, n, device=self.sigmas.device)
