** ComfyUI start up time: 2023-12-11 20:59:08.565997

Prestartup times for custom nodes:
   0.0 seconds: C:\Users\don00\projects\ComfyUI\custom_nodes\ComfyUI-Manager

Total VRAM 6144 MB, total RAM 16292 MB
Set vram state to: NORMAL_VRAM
Device: cuda:0 NVIDIA GeForce RTX 2060 : cudaMallocAsync
VAE dtype: torch.float32
Using pytorch cross attention
========= possible_module base64_images.py =========
========= possible_module comfyui-animatediff =========
Traceback (most recent call last):
  File "C:\Users\don00\projects\ComfyUI\nodes.py", line 1800, in load_custom_node
    module_spec.loader.exec_module(module)
  File "<frozen importlib._bootstrap_external>", line 940, in exec_module
  File "<frozen importlib._bootstrap>", line 241, in _call_with_frames_removed
  File "C:\Users\don00\projects\ComfyUI\custom_nodes\comfyui-animatediff\__init__.py", line 2, in <module>
    from .animatediff.nodes import NODE_CLASS_MAPPINGS, NODE_DISPLAY_NAME_MAPPINGS
  File "C:\Users\don00\projects\ComfyUI\custom_nodes\comfyui-animatediff\animatediff\nodes.py", line 16, in <module>
    from .sampler import AnimateDiffSampler, AnimateDiffSlidingWindowOptions
  File "C:\Users\don00\projects\ComfyUI\custom_nodes\comfyui-animatediff\animatediff\sampler.py", line 52, in <module>
    orig_maximum_batch_area = model_management.maximum_batch_area
                              ^^^^^^^^^^^^^^^^^^^^^^^^^^^^^^^^^^^
AttributeError: module 'comfy.model_management' has no attribute 'maximum_batch_area'

Cannot import C:\Users\don00\projects\ComfyUI\custom_nodes\comfyui-animatediff module for custom nodes: module 'comfy.model_management' has no attribute 'maximum_batch_area'
========= possible_module ComfyUI-AnimateDiff-Evolved =========
Using pytorch cross attention
Traceback (most recent call last):
  File "C:\Users\don00\projects\ComfyUI\nodes.py", line 1800, in load_custom_node
    module_spec.loader.exec_module(module)
  File "<frozen importlib._bootstrap_external>", line 940, in exec_module
  File "<frozen importlib._bootstrap>", line 241, in _call_with_frames_removed
  File "C:\Users\don00\projects\ComfyUI\custom_nodes\ComfyUI-AnimateDiff-Evolved\__init__.py", line 2, in <module>
    from .animatediff.nodes import NODE_CLASS_MAPPINGS, NODE_DISPLAY_NAME_MAPPINGS
  File "C:\Users\don00\projects\ComfyUI\custom_nodes\ComfyUI-AnimateDiff-Evolved\animatediff\nodes.py", line 22, in <module>
    from .sampling import animatediff_sample_factory
  File "C:\Users\don00\projects\ComfyUI\custom_nodes\ComfyUI-AnimateDiff-Evolved\animatediff\sampling.py", line 9, in <module>
    from comfy.samplers import lcm
ImportError: cannot import name 'lcm' from 'comfy.samplers' (C:\Users\don00\projects\ComfyUI\comfy\samplers.py)

Cannot import C:\Users\don00\projects\ComfyUI\custom_nodes\ComfyUI-AnimateDiff-Evolved module for custom nodes: cannot import name 'lcm' from 'comfy.samplers' (C:\Users\don00\projects\ComfyUI\comfy\samplers.py)
========= possible_module ComfyUI-Manager =========
### Loading: ComfyUI-Manager (V0.36)
### ComfyUI Revision: 1777 [e1d95343] | Released on '2023-12-07'
========= possible_module ComfyUI-VideoHelperSuite =========
Traceback (most recent call last):
  File "C:\Users\don00\projects\ComfyUI\nodes.py", line 1800, in load_custom_node
    module_spec.loader.exec_module(module)
  File "<frozen importlib._bootstrap_external>", line 940, in exec_module
  File "<frozen importlib._bootstrap>", line 241, in _call_with_frames_removed
  File "C:\Users\don00\projects\ComfyUI\custom_nodes\ComfyUI-VideoHelperSuite\__init__.py", line 1, in <module>
    from .videohelpersuite.nodes import NODE_CLASS_MAPPINGS, NODE_DISPLAY_NAME_MAPPINGS
  File "C:\Users\don00\projects\ComfyUI\custom_nodes\ComfyUI-VideoHelperSuite\videohelpersuite\nodes.py", line 13, in <module>
    from .load_video_nodes import LoadVideo, LoadVideoUpload, UploadVideo, OutVideoInfo
  File "C:\Users\don00\projects\ComfyUI\custom_nodes\ComfyUI-VideoHelperSuite\videohelpersuite\load_video_nodes.py", line 6, in <module>
    import cv2
ModuleNotFoundError: No module named 'cv2'

Cannot import C:\Users\don00\projects\ComfyUI\custom_nodes\ComfyUI-VideoHelperSuite module for custom nodes: No module named 'cv2'
========= possible_module efficiency-nodes-comfyui =========
[36mEfficiency Nodes:[0m Attempting to add 'AnimatedDiff Script' Node (ComfyUI-AnimateDiff-Evolved add-on)...[36mEfficiency Nodes:[0m Attempting to add 'AnimatedDiff Script' Node (ComfyUI-AnimateDiff-Evolved add-on)...[91mFailed![0m
[93mEfficiency Nodes Warning:[0m Failed to import python package 'simpleeval'; related nodes disabled.

========= possible_module example_node.py.example =========

Import times for custom nodes:
   0.0 seconds: C:\Users\don00\projects\ComfyUI\custom_nodes\base64_images.py
   0.0 seconds (IMPORT FAILED): C:\Users\don00\projects\ComfyUI\custom_nodes\ComfyUI-VideoHelperSuite
   0.0 seconds (IMPORT FAILED): C:\Users\don00\projects\ComfyUI\custom_nodes\comfyui-animatediff
   0.0 seconds (IMPORT FAILED): C:\Users\don00\projects\ComfyUI\custom_nodes\ComfyUI-AnimateDiff-Evolved
   0.1 seconds: C:\Users\don00\projects\ComfyUI\custom_nodes\efficiency-nodes-comfyui
   0.9 seconds: C:\Users\don00\projects\ComfyUI\custom_nodes\ComfyUI-Manager

Starting server

To see the GUI go to: http://127.0.0.1:8188
got prompt
Requested to load SD1ClipModel
Loading 1 new model
----------------------------------------
[36mEfficient Loader Models Cache:[0m
Ckpt:
  [1] realisticVisionV60B1_v60B1VAE
Requested to load AutoencoderKL
Loading 1 new model
100%|█████████████████████████████████████████████████████████████████████████████████████████████████████████████████████████████████████| 20/20 [00:04<00:00,  5.97it/s]100%|█████████████████████████████████████████████████████████████████████████████████████████████████████████████████████████████████████| 20/20 [00:04<00:00,  4.71it/s]
Prompt executed in 34.41 seconds
gc collect
got prompt

Stopped server
